<?xml version="1.0" encoding="UTF-8"?>
<!-- Generated by org.testng.reporters.JUnitXMLReporter -->
<testsuite hostname="Codys-Mac.local" ignored="0" name="Command line test 5843e0e3-aeed-40a3-9a37-9a919e6c60b0" tests="2" failures="0" timestamp="01 Apr 2018 04:08:16 GMT" time="827.162" errors="0">
  <testcase name="prankcaller" time="360.118" classname="test.tests.launchApp.Tests"/>
  <testcase name="launchApp" time="305.017" classname="test.tests.launchApp.Tests"/>
</testsuite> <!-- Command line test 5843e0e3-aeed-40a3-9a37-9a919e6c60b0 -->
