<?xml version="1.0" encoding="UTF-8"?>
<!-- Generated by org.testng.reporters.JUnitXMLReporter -->
<testsuite hostname="Codys-Mac.local" ignored="0" name="Command line test e979f954-dbc7-40f6-aa40-c07589697e40" tests="1" failures="0" timestamp="21 Mar 2018 05:06:23 GMT" time="0.034" errors="0">
  <testcase name="@BeforeTest fetchSuiteConfiguration" time="0.0" classname="test.config.SeleniumConfig.BrowserConfig">
    <failure type="org.testng.TestNGException" message="
Can inject only one of &amp;lt;ITestContext, XmlTest&amp;gt; into a @BeforeTest annotated fetchSuiteConfiguration.
For more information on native dependency injection please refer to http://testng.org/doc/documentation-main.html#native-dependency-injection">
      <![CDATA[org.testng.TestNGException: 
Can inject only one of <ITestContext, XmlTest> into a @BeforeTest annotated fetchSuiteConfiguration.
For more information on native dependency injection please refer to http://testng.org/doc/documentation-main.html#native-dependency-injection
at main.TestRunner.classExecution(TestRunner.java:145)
at main.TestRunner.main(TestRunner.java:38)
... Removed 18 stack frames]]>
    </failure>
  </testcase> <!-- @BeforeTest fetchSuiteConfiguration -->
  <testcase name="@BeforeMethod browserConfig" time="0.0" classname="test.config.SeleniumConfig.BrowserConfig">
    <skipped/>
  </testcase> <!-- @BeforeMethod browserConfig -->
  <testcase name="@AfterMethod close" time="0.0" classname="test.config.SeleniumConfig.BrowserConfig">
    <skipped/>
  </testcase> <!-- @AfterMethod close -->
  <testcase name="TC_01" time="0.0" classname="test.tests.prankCaller.Tests">
    <skipped/>
  </testcase> <!-- TC_01 -->
</testsuite> <!-- Command line test e979f954-dbc7-40f6-aa40-c07589697e40 -->
