<?xml version="1.0" encoding="UTF-8"?>
<!-- Generated by org.testng.reporters.JUnitXMLReporter -->
<testsuite hostname="Codys-Mac.local" ignored="0" name="Command line test 8603666d-36fb-43ff-affa-fdef55605d92" tests="2" failures="0" timestamp="29 Mar 2018 08:08:26 GMT" time="836.04" errors="0">
  <testcase name="prankcaller" time="365.266" classname="test.tests.launchApp.Tests"/>
  <testcase name="launchApp" time="309.523" classname="test.tests.launchApp.Tests"/>
</testsuite> <!-- Command line test 8603666d-36fb-43ff-affa-fdef55605d92 -->
