<?xml version="1.0" encoding="UTF-8"?>
<!-- Generated by org.testng.reporters.JUnitXMLReporter -->
<testsuite hostname="Codys-Mac.local" ignored="0" name="Command line test e8810fef-6113-4654-acac-ebabf02106e9" tests="2" failures="0" timestamp="03 Apr 2018 03:08:07 GMT" time="821.046" errors="0">
  <testcase name="prankcaller" time="355.494" classname="test.tests.launchApp.Tests"/>
  <testcase name="launchApp" time="310.071" classname="test.tests.launchApp.Tests"/>
</testsuite> <!-- Command line test e8810fef-6113-4654-acac-ebabf02106e9 -->
