<?xml version="1.0" encoding="UTF-8"?>
<!-- Generated by org.testng.reporters.JUnitXMLReporter -->
<testsuite hostname="Codys-Mac.local" ignored="0" name="Command line test c6eaf4f1-821a-41fe-a4c6-a20dc20a1df8" tests="1" failures="1" timestamp="24 Mar 2018 08:52:40 GMT" time="471.073" errors="0">
  <testcase name="prankcaller" time="374.42" classname="test.tests.launchApp.Tests">
    <failure type="java.lang.AssertionError" message="null">
      <![CDATA[java.lang.AssertionError: null
at test.tests.launchApp.Tests.prankcaller(Tests.java:210)
at java.util.concurrent.ThreadPoolExecutor.runWorker(ThreadPoolExecutor.java:1149)
at java.util.concurrent.ThreadPoolExecutor$Worker.run(ThreadPoolExecutor.java:624)
at java.lang.Thread.run(Thread.java:748)
... Removed 12 stack frames]]>
    </failure>
  </testcase> <!-- prankcaller -->
</testsuite> <!-- Command line test c6eaf4f1-821a-41fe-a4c6-a20dc20a1df8 -->
