<?xml version="1.0" encoding="UTF-8"?>
<!-- Generated by org.testng.reporters.JUnitXMLReporter -->
<testsuite hostname="Codys-Mac.local" ignored="0" name="Command line test 4176c911-5d0f-4d22-88dc-a41c7eb93aa9" tests="2" failures="1" timestamp="02 Apr 2018 05:07:32 GMT" time="778.191" errors="0">
  <testcase name="prankcaller" time="270.738" classname="test.tests.launchApp.Tests">
    <failure type="java.lang.AssertionError" message="null">
      <![CDATA[java.lang.AssertionError: null
at test.tests.launchApp.Tests.prankcaller(Tests.java:239)
at java.util.concurrent.ThreadPoolExecutor.runWorker(ThreadPoolExecutor.java:1149)
at java.util.concurrent.ThreadPoolExecutor$Worker.run(ThreadPoolExecutor.java:624)
at java.lang.Thread.run(Thread.java:748)
... Removed 12 stack frames]]>
    </failure>
  </testcase> <!-- prankcaller -->
  <testcase name="launchApp" time="341.975" classname="test.tests.launchApp.Tests"/>
</testsuite> <!-- Command line test 4176c911-5d0f-4d22-88dc-a41c7eb93aa9 -->
