<?xml version="1.0" encoding="UTF-8"?>
<!-- Generated by org.testng.reporters.JUnitXMLReporter -->
<testsuite hostname="Codys-Mac.local" ignored="0" name="Command line test 1d28839d-cded-42df-bcdb-10ee9063ff9d" tests="2" failures="0" timestamp="30 Mar 2018 05:09:17 GMT" time="886.4" errors="0">
  <testcase name="prankcaller" time="387.018" classname="test.tests.launchApp.Tests"/>
  <testcase name="launchApp" time="319.785" classname="test.tests.launchApp.Tests"/>
</testsuite> <!-- Command line test 1d28839d-cded-42df-bcdb-10ee9063ff9d -->
