<?xml version="1.0" encoding="UTF-8"?>
<!-- Generated by org.testng.reporters.JUnitXMLReporter -->
<testsuite hostname="Codys-Mac.local" ignored="0" name="Command line test 47925fce-accc-4351-8ea9-8fd88f54a818" tests="2" failures="0" timestamp="04 Apr 2018 06:38:34 GMT" time="846.791" errors="0">
  <testcase name="prankcaller" time="386.302" classname="test.tests.launchApp.Tests"/>
  <testcase name="launchApp" time="298.054" classname="test.tests.launchApp.Tests"/>
</testsuite> <!-- Command line test 47925fce-accc-4351-8ea9-8fd88f54a818 -->
