<?xml version="1.0" encoding="UTF-8"?>
<!-- Generated by org.testng.reporters.JUnitXMLReporter -->
<testsuite hostname="Codys-Mac.local" ignored="0" name="Command line test fa4e4a09-febd-407e-807e-773835bdfa4d" tests="2" failures="0" timestamp="30 Mar 2018 03:08:02 GMT" time="811.499" errors="0">
  <testcase name="prankcaller" time="344.857" classname="test.tests.launchApp.Tests"/>
  <testcase name="launchApp" time="304.454" classname="test.tests.launchApp.Tests"/>
</testsuite> <!-- Command line test fa4e4a09-febd-407e-807e-773835bdfa4d -->
