<?xml version="1.0" encoding="UTF-8"?>
<!-- Generated by org.testng.reporters.JUnitXMLReporter -->
<testsuite hostname="DESKTOP-IMHAJHS" ignored="0" name="Command line test 5bd30f90-96bb-49cb-a372-88810d470282" tests="5" failures="0" timestamp="26 Feb 2018 10:40:34 GMT" time="2.807" errors="0">
  <testcase name="@BeforeMethod browserConfig" time="2.717" classname="test.config.SeleniumConfig.BrowserConfig">
    <failure type="org.openqa.selenium.remote.UnreachableBrowserException" message="Could not start a new session. Possible causes are invalid address of the remote server or browser start-up failure.
Build info: version: &amp;apos;2.53.1&amp;apos;, revision: &amp;apos;a36b8b1cd5757287168e54b817830adce9b0158d&amp;apos;, time: &amp;apos;2016-06-30 19:26:09&amp;apos;
System info: host: &amp;apos;DESKTOP-IMHAJHS&amp;apos;, ip: &amp;apos;192.168.56.1&amp;apos;, os.name: &amp;apos;Windows 10&amp;apos;, os.arch: &amp;apos;amd64&amp;apos;, os.version: &amp;apos;10.0&amp;apos;, java.version: &amp;apos;1.8.0_161&amp;apos;
Driver info: driver.version: AndroidDriver">
      <![CDATA[org.openqa.selenium.remote.UnreachableBrowserException: Could not start a new session. Possible causes are invalid address of the remote server or browser start-up failure.Build info: version: '2.53.1', revision: 'a36b8b1cd5757287168e54b817830adce9b0158d', time: '2016-06-30 19:26:09'System info: host: 'DESKTOP-IMHAJHS', ip: '192.168.56.1', os.name: 'Windows 10', os.arch: 'amd64', os.version: '10.0', java.version: '1.8.0_161'Driver info: driver.version: AndroidDriverat org.openqa.selenium.remote.RemoteWebDriver.execute(RemoteWebDriver.java:665)at io.appium.java_client.DefaultGenericMobileDriver.execute(DefaultGenericMobileDriver.java:40)at io.appium.java_client.AppiumDriver.execute(AppiumDriver.java:1)at io.appium.java_client.android.AndroidDriver.execute(AndroidDriver.java:1)at org.openqa.selenium.remote.RemoteWebDriver.startSession(RemoteWebDriver.java:249)at org.openqa.selenium.remote.RemoteWebDriver.<init>(RemoteWebDriver.java:131)at org.openqa.selenium.remote.RemoteWebDriver.<init>(RemoteWebDriver.java:144)at io.appium.java_client.DefaultGenericMobileDriver.<init>(DefaultGenericMobileDriver.java:36)at io.appium.java_client.AppiumDriver.<init>(AppiumDriver.java:114)at io.appium.java_client.AppiumDriver.<init>(AppiumDriver.java:132)at io.appium.java_client.android.AndroidDriver.<init>(AndroidDriver.java:92)at test.config.SeleniumConfig.BrowserConfig.browserConfig(BrowserConfig.java:71)at java.util.concurrent.ThreadPoolExecutor.runWorker(ThreadPoolExecutor.java:1149)at java.util.concurrent.ThreadPoolExecutor$Worker.run(ThreadPoolExecutor.java:624)at java.lang.Thread.run(Thread.java:748)Caused by: org.openqa.selenium.WebDriverException: org.apache.http.conn.HttpHostConnectException: Connect to 127.0.0.1:4723 [/127.0.0.1] failed: Connection refused: connectBuild info: version: '2.53.1', revision: 'a36b8b1cd5757287168e54b817830adce9b0158d', time: '2016-06-30 19:26:09'System info: host: 'DESKTOP-IMHAJHS', ip: '192.168.56.1', os.name: 'Windows 10', os.arch: 'amd64', os.version: '10.0', java.version: '1.8.0_161'Driver info: driver.version: AndroidDriverat io.appium.java_client.remote.AppiumCommandExecutor.execute(AppiumCommandExecutor.java:84)at org.openqa.selenium.remote.RemoteWebDriver.execute(RemoteWebDriver.java:644)... 27 moreCaused by: org.apache.http.conn.HttpHostConnectException: Connect to 127.0.0.1:4723 [/127.0.0.1] failed: Connection refused: connectat org.apache.http.impl.conn.DefaultHttpClientConnectionOperator.connect(DefaultHttpClientConnectionOperator.java:158)at org.apache.http.impl.conn.PoolingHttpClientConnectionManager.connect(PoolingHttpClientConnectionManager.java:353)at org.apache.http.impl.execchain.MainClientExec.establishRoute(MainClientExec.java:380)at org.apache.http.impl.execchain.MainClientExec.execute(MainClientExec.java:236)at org.apache.http.impl.execchain.ProtocolExec.execute(ProtocolExec.java:184)at org.apache.http.impl.execchain.RetryExec.execute(RetryExec.java:88)at org.apache.http.impl.execchain.RedirectExec.execute(RedirectExec.java:110)at org.apache.http.impl.client.InternalHttpClient.doExecute(InternalHttpClient.java:184)at org.apache.http.impl.client.CloseableHttpClient.execute(CloseableHttpClient.java:71)at org.apache.http.impl.client.CloseableHttpClient.execute(CloseableHttpClient.java:55)at org.openqa.selenium.remote.internal.ApacheHttpClient.fallBackExecute(ApacheHttpClient.java:144)at org.openqa.selenium.remote.internal.ApacheHttpClient.execute(ApacheHttpClient.java:90)at org.openqa.selenium.remote.HttpCommandExecutor.execute(HttpCommandExecutor.java:142)at io.appium.java_client.remote.AppiumCommandExecutor.execute(AppiumCommandExecutor.java:69)... 28 moreCaused by: java.net.ConnectException: Connection refused: connectat java.net.DualStackPlainSocketImpl.waitForConnect(Native Method)at java.net.DualStackPlainSocketImpl.socketConnect(DualStackPlainSocketImpl.java:85)at java.net.AbstractPlainSocketImpl.doConnect(AbstractPlainSocketImpl.java:350)at java.net.AbstractPlainSocketImpl.connectToAddress(AbstractPlainSocketImpl.java:206)at java.net.AbstractPlainSocketImpl.connect(AbstractPlainSocketImpl.java:188)at java.net.PlainSocketImpl.connect(PlainSocketImpl.java:172)at java.net.SocksSocketImpl.connect(SocksSocketImpl.java:392)at java.net.Socket.connect(Socket.java:589)at org.apache.http.conn.socket.PlainConnectionSocketFactory.connectSocket(PlainConnectionSocketFactory.java:74)at org.apache.http.impl.conn.DefaultHttpClientConnectionOperator.connect(DefaultHttpClientConnectionOperator.java:141)... 41 more... Removed 13 stack frames]]>
    </failure>
  </testcase> <!-- @BeforeMethod browserConfig -->
  <testcase name="@AfterMethod close" time="0.0" classname="test.config.SeleniumConfig.BrowserConfig">
    <skipped/>
  </testcase> <!-- @AfterMethod close -->
  <testcase name="@BeforeMethod browserConfig" time="0.0" classname="test.config.SeleniumConfig.BrowserConfig">
    <skipped/>
  </testcase> <!-- @BeforeMethod browserConfig -->
  <testcase name="@AfterMethod close" time="0.0" classname="test.config.SeleniumConfig.BrowserConfig">
    <skipped/>
  </testcase> <!-- @AfterMethod close -->
  <testcase name="@BeforeMethod browserConfig" time="0.0" classname="test.config.SeleniumConfig.BrowserConfig">
    <skipped/>
  </testcase> <!-- @BeforeMethod browserConfig -->
  <testcase name="@AfterMethod close" time="0.0" classname="test.config.SeleniumConfig.BrowserConfig">
    <skipped/>
  </testcase> <!-- @AfterMethod close -->
  <testcase name="@BeforeMethod browserConfig" time="0.0" classname="test.config.SeleniumConfig.BrowserConfig">
    <skipped/>
  </testcase> <!-- @BeforeMethod browserConfig -->
  <testcase name="@AfterMethod close" time="0.0" classname="test.config.SeleniumConfig.BrowserConfig">
    <skipped/>
  </testcase> <!-- @AfterMethod close -->
  <testcase name="@BeforeMethod browserConfig" time="0.0" classname="test.config.SeleniumConfig.BrowserConfig">
    <skipped/>
  </testcase> <!-- @BeforeMethod browserConfig -->
  <testcase name="@AfterMethod close" time="0.0" classname="test.config.SeleniumConfig.BrowserConfig">
    <skipped/>
  </testcase> <!-- @AfterMethod close -->
  <testcase name="TC_01" time="0.0" classname="test.tests.EventModule.Tests">
    <skipped/>
  </testcase> <!-- TC_01 -->
  <testcase name="TC_02" time="0.0" classname="test.tests.EventModule.Tests">
    <skipped/>
  </testcase> <!-- TC_02 -->
  <testcase name="TC_03" time="0.0" classname="test.tests.EventModule.Tests">
    <skipped/>
  </testcase> <!-- TC_03 -->
  <testcase name="TC_04" time="0.0" classname="test.tests.EventModule.Tests">
    <skipped/>
  </testcase> <!-- TC_04 -->
  <testcase name="TC_07" time="0.0" classname="test.tests.EventModule.Tests">
    <skipped/>
  </testcase> <!-- TC_07 -->
</testsuite> <!-- Command line test 5bd30f90-96bb-49cb-a372-88810d470282 -->
