<?xml version="1.0" encoding="UTF-8"?>
<!-- Generated by org.testng.reporters.JUnitXMLReporter -->
<testsuite hostname="Codys-Mac.local" ignored="0" name="Command line test 574a05e8-caf9-4f7b-9e71-4ff82229e737" tests="2" failures="1" timestamp="03 Apr 2018 07:08:06 GMT" time="818.375" errors="0">
  <testcase name="prankcaller" time="361.59" classname="test.tests.launchApp.Tests"/>
  <testcase name="launchApp" time="283.189" classname="test.tests.launchApp.Tests">
    <failure type="java.lang.AssertionError" message="null">
      <![CDATA[java.lang.AssertionError: null
at test.tests.launchApp.Tests.launchApp(Tests.java:434)
at java.util.concurrent.ThreadPoolExecutor.runWorker(ThreadPoolExecutor.java:1149)
at java.util.concurrent.ThreadPoolExecutor$Worker.run(ThreadPoolExecutor.java:624)
at java.lang.Thread.run(Thread.java:748)
... Removed 12 stack frames]]>
    </failure>
  </testcase> <!-- launchApp -->
</testsuite> <!-- Command line test 574a05e8-caf9-4f7b-9e71-4ff82229e737 -->
