<?xml version="1.0" encoding="UTF-8"?>
<!-- Generated by org.testng.reporters.JUnitXMLReporter -->
<testsuite hostname="Codys-Mac.local" ignored="0" name="Command line test 86b5cdaf-9edd-4de8-b29b-c996b0cf4316" tests="2" failures="0" timestamp="02 Apr 2018 10:38:33 GMT" time="844.68" errors="0">
  <testcase name="prankcaller" time="369.036" classname="test.tests.launchApp.Tests"/>
  <testcase name="launchApp" time="315.276" classname="test.tests.launchApp.Tests"/>
</testsuite> <!-- Command line test 86b5cdaf-9edd-4de8-b29b-c996b0cf4316 -->
