<?xml version="1.0" encoding="UTF-8"?>
<!-- Generated by org.testng.reporters.JUnitXMLReporter -->
<testsuite hostname="Codys-Mac.local" ignored="0" name="Command line test 8a821c6a-9b58-4cc6-bf91-cc8a6ad22165" tests="2" failures="0" timestamp="29 Mar 2018 00:38:49 GMT" time="857.443" errors="0">
  <testcase name="prankcaller" time="394.929" classname="test.tests.launchApp.Tests"/>
  <testcase name="launchApp" time="299.612" classname="test.tests.launchApp.Tests"/>
</testsuite> <!-- Command line test 8a821c6a-9b58-4cc6-bf91-cc8a6ad22165 -->
