<?xml version="1.0" encoding="UTF-8"?>
<!-- Generated by org.testng.reporters.JUnitXMLReporter -->
<testsuite hostname="Codys-Mac.local" ignored="0" name="Command line test 1d95d78f-2222-47b5-9a5f-98be8613d6e0" tests="2" failures="1" timestamp="30 Mar 2018 18:36:33 GMT" time="722.679" errors="0">
  <testcase name="prankcaller" time="255.324" classname="test.tests.launchApp.Tests">
    <failure type="java.lang.AssertionError" message="null">
      <![CDATA[java.lang.AssertionError: null
at test.tests.launchApp.Tests.prankcaller(Tests.java:239)
at java.util.concurrent.ThreadPoolExecutor.runWorker(ThreadPoolExecutor.java:1149)
at java.util.concurrent.ThreadPoolExecutor$Worker.run(ThreadPoolExecutor.java:624)
at java.lang.Thread.run(Thread.java:748)
... Removed 12 stack frames]]>
    </failure>
  </testcase> <!-- prankcaller -->
  <testcase name="launchApp" time="304.476" classname="test.tests.launchApp.Tests"/>
</testsuite> <!-- Command line test 1d95d78f-2222-47b5-9a5f-98be8613d6e0 -->
