<?xml version="1.0" encoding="UTF-8"?>
<!-- Generated by org.testng.reporters.JUnitXMLReporter -->
<testsuite hostname="Codys-Mac.local" ignored="0" name="Command line test e7ae0bd6-8340-4e0f-addf-f3861484d76c" tests="2" failures="0" timestamp="29 Mar 2018 01:09:07 GMT" time="875.741" errors="0">
  <testcase name="prankcaller" time="378.487" classname="test.tests.launchApp.Tests"/>
  <testcase name="launchApp" time="311.673" classname="test.tests.launchApp.Tests"/>
</testsuite> <!-- Command line test e7ae0bd6-8340-4e0f-addf-f3861484d76c -->
