<?xml version="1.0" encoding="UTF-8"?>
<!-- Generated by org.testng.reporters.JUnitXMLReporter -->
<testsuite hostname="Codys-Mac.local" ignored="0" name="Command line test 1a4263b6-f16e-4751-b337-b5b0e06d1953" tests="2" failures="1" timestamp="28 Mar 2018 06:05:11 GMT" time="696.694" errors="0">
  <testcase name="prankcaller" time="214.394" classname="test.tests.launchApp.Tests">
    <failure type="java.lang.AssertionError" message="null">
      <![CDATA[java.lang.AssertionError: null
at test.tests.launchApp.Tests.prankcaller(Tests.java:237)
at java.util.concurrent.ThreadPoolExecutor.runWorker(ThreadPoolExecutor.java:1149)
at java.util.concurrent.ThreadPoolExecutor$Worker.run(ThreadPoolExecutor.java:624)
at java.lang.Thread.run(Thread.java:748)
... Removed 12 stack frames]]>
    </failure>
  </testcase> <!-- prankcaller -->
  <testcase name="launchApp" time="315.789" classname="test.tests.launchApp.Tests"/>
</testsuite> <!-- Command line test 1a4263b6-f16e-4751-b337-b5b0e06d1953 -->
