<?xml version="1.0" encoding="UTF-8"?>
<!-- Generated by org.testng.reporters.JUnitXMLReporter -->
<testsuite hostname="Codys-Mac.local" ignored="0" name="Command line test c4f5ddf4-60b5-4cca-bcbc-23330bb4cd86" tests="2" failures="0" timestamp="29 Mar 2018 16:08:07 GMT" time="815.771" errors="0">
  <testcase name="prankcaller" time="351.277" classname="test.tests.launchApp.Tests"/>
  <testcase name="launchApp" time="307.394" classname="test.tests.launchApp.Tests"/>
</testsuite> <!-- Command line test c4f5ddf4-60b5-4cca-bcbc-23330bb4cd86 -->
