<?xml version="1.0" encoding="UTF-8"?>
<!-- Generated by org.testng.reporters.JUnitXMLReporter -->
<testsuite hostname="Codys-Mac.local" ignored="0" name="Command line test 1c541ee7-5552-413d-beef-d8a352492757" tests="2" failures="0" timestamp="28 Mar 2018 21:38:18 GMT" time="826.838" errors="0">
  <testcase name="prankcaller" time="358.562" classname="test.tests.launchApp.Tests"/>
  <testcase name="launchApp" time="300.365" classname="test.tests.launchApp.Tests"/>
</testsuite> <!-- Command line test 1c541ee7-5552-413d-beef-d8a352492757 -->
