<?xml version="1.0" encoding="UTF-8"?>
<!-- Generated by org.testng.reporters.JUnitXMLReporter -->
<testsuite hostname="Codys-Mac.local" ignored="0" name="Command line test 723b8a79-421f-4047-ab0f-52ec5910772c" tests="2" failures="1" timestamp="23 Mar 2018 06:38:40 GMT" time="286.439" errors="0">
  <testcase name="@AfterMethod close" time="0.015" classname="test.config.SeleniumConfig.BrowserConfig">
    <failure type="org.openqa.selenium.remote.SessionNotFoundException" message="A session is either terminated or not started (WARNING: The server did not provide any stacktrace information)
Command duration or timeout: 15 milliseconds
Build info: version: &amp;apos;2.53.1&amp;apos;, revision: &amp;apos;a36b8b1cd5757287168e54b817830adce9b0158d&amp;apos;, time: &amp;apos;2016-06-30 19:26:09&amp;apos;
System info: host: &amp;apos;Codys-Mac.local&amp;apos;, ip: &amp;apos;192.168.217.128&amp;apos;, os.name: &amp;apos;Mac OS X&amp;apos;, os.arch: &amp;apos;x86_64&amp;apos;, os.version: &amp;apos;10.13.3&amp;apos;, java.version: &amp;apos;1.8.0_161&amp;apos;
Driver info: io.appium.java_client.android.AndroidDriver
Capabilities [{appPackage=prank.caller.io, deviceName=emulator-5554, platform=ANDROID, deviceUDID=emulator-5554, desired={deviceType=phone, app=/Users/god/Desktop/Testing/Prank_Caller_App_v2-3-3.apk, appPackage=prank.caller.io, appiumVersion=1.4.0, version=, deviceName=emulator-5554, platform=ANDROID, appActivity=prank.caller.io.MainActivity, platformVersion=6.0, browserName=, deviceOrientation=portrait, udid=emulator-5554, platformName=Android}, platformVersion=6.0, webStorageEnabled=false, takesScreenshot=true, browserName=, javascriptEnabled=true, udid=emulator-5554, platformName=Android, deviceManufacturer=unknown, deviceType=phone, app=/Users/god/Desktop/Testing/Prank_Caller_App_v2-3-3.apk, deviceScreenSize=720x1280, networkConnectionEnabled=true, warnings={}, appiumVersion=1.4.0, databaseEnabled=false, version=, appActivity=prank.caller.io.MainActivity, locationContextEnabled=false, deviceOrientation=portrait, deviceModel=sdk_google_phone_armv7}]
Session ID: bc3a14f4-874c-4da9-85e8-f8e9951a2bbd">
      <![CDATA[org.openqa.selenium.remote.SessionNotFoundException: A session is either terminated or not started (WARNING: The server did not provide any stacktrace information)
Command duration or timeout: 15 milliseconds
Build info: version: '2.53.1', revision: 'a36b8b1cd5757287168e54b817830adce9b0158d', time: '2016-06-30 19:26:09'
System info: host: 'Codys-Mac.local', ip: '192.168.217.128', os.name: 'Mac OS X', os.arch: 'x86_64', os.version: '10.13.3', java.version: '1.8.0_161'
Driver info: io.appium.java_client.android.AndroidDriver
Capabilities [{appPackage=prank.caller.io, deviceName=emulator-5554, platform=ANDROID, deviceUDID=emulator-5554, desired={deviceType=phone, app=/Users/god/Desktop/Testing/Prank_Caller_App_v2-3-3.apk, appPackage=prank.caller.io, appiumVersion=1.4.0, version=, deviceName=emulator-5554, platform=ANDROID, appActivity=prank.caller.io.MainActivity, platformVersion=6.0, browserName=, deviceOrientation=portrait, udid=emulator-5554, platformName=Android}, platformVersion=6.0, webStorageEnabled=false, takesScreenshot=true, browserName=, javascriptEnabled=true, udid=emulator-5554, platformName=Android, deviceManufacturer=unknown, deviceType=phone, app=/Users/god/Desktop/Testing/Prank_Caller_App_v2-3-3.apk, deviceScreenSize=720x1280, networkConnectionEnabled=true, warnings={}, appiumVersion=1.4.0, databaseEnabled=false, version=, appActivity=prank.caller.io.MainActivity, locationContextEnabled=false, deviceOrientation=portrait, deviceModel=sdk_google_phone_armv7}]
Session ID: bc3a14f4-874c-4da9-85e8-f8e9951a2bbd
at org.openqa.selenium.remote.ErrorHandler.createThrowable(ErrorHandler.java:206)
at org.openqa.selenium.remote.ErrorHandler.throwIfResponseFailed(ErrorHandler.java:158)
at org.openqa.selenium.remote.RemoteWebDriver.execute(RemoteWebDriver.java:678)
at io.appium.java_client.DefaultGenericMobileDriver.execute(DefaultGenericMobileDriver.java:40)
at io.appium.java_client.AppiumDriver.execute(AppiumDriver.java:235)
at org.openqa.selenium.remote.RemoteWebDriver.quit(RemoteWebDriver.java:526)
at test.config.SeleniumConfig.BrowserConfig.close(BrowserConfig.java:122)
at java.util.concurrent.ThreadPoolExecutor.runWorker(ThreadPoolExecutor.java:1149)
at java.util.concurrent.ThreadPoolExecutor$Worker.run(ThreadPoolExecutor.java:624)
at java.lang.Thread.run(Thread.java:748)
... Removed 17 stack frames]]>
    </failure>
  </testcase> <!-- @AfterMethod close -->
  <testcase name="@BeforeMethod browserConfig" time="0.0" classname="test.config.SeleniumConfig.BrowserConfig">
    <skipped/>
  </testcase> <!-- @BeforeMethod browserConfig -->
  <testcase name="@AfterMethod close" time="0.0" classname="test.config.SeleniumConfig.BrowserConfig">
    <skipped/>
  </testcase> <!-- @AfterMethod close -->
  <testcase name="prankcaller" time="139.864" classname="test.tests.launchApp.Tests">
    <failure type="java.lang.AssertionError" message="null">
      <![CDATA[java.lang.AssertionError: null
at test.tests.launchApp.Tests.prankcaller(Tests.java:167)
at java.util.concurrent.ThreadPoolExecutor.runWorker(ThreadPoolExecutor.java:1149)
at java.util.concurrent.ThreadPoolExecutor$Worker.run(ThreadPoolExecutor.java:624)
at java.lang.Thread.run(Thread.java:748)
... Removed 12 stack frames]]>
    </failure>
  </testcase> <!-- prankcaller -->
  <testcase name="launchApp" time="0.0" classname="test.tests.launchApp.Tests">
    <skipped/>
  </testcase> <!-- launchApp -->
</testsuite> <!-- Command line test 723b8a79-421f-4047-ab0f-52ec5910772c -->
