<?xml version="1.0" encoding="UTF-8"?>
<!-- Generated by org.testng.reporters.JUnitXMLReporter -->
<testsuite hostname="Codys-Mac.local" ignored="0" name="Command line test d14da3b5-fefe-4901-ba97-df2ff5371dd6" tests="2" failures="0" timestamp="03 Apr 2018 09:08:24 GMT" time="836.416" errors="0">
  <testcase name="prankcaller" time="371.334" classname="test.tests.launchApp.Tests"/>
  <testcase name="launchApp" time="304.322" classname="test.tests.launchApp.Tests"/>
</testsuite> <!-- Command line test d14da3b5-fefe-4901-ba97-df2ff5371dd6 -->
