<?xml version="1.0" encoding="UTF-8"?>
<!-- Generated by org.testng.reporters.JUnitXMLReporter -->
<testsuite hostname="Codys-Mac.local" ignored="0" name="Command line test e8577cbf-c540-4acd-8fb5-2fc61a5f6225" tests="2" failures="0" timestamp="02 Apr 2018 22:38:40 GMT" time="853.812" errors="0">
  <testcase name="prankcaller" time="395.972" classname="test.tests.launchApp.Tests"/>
  <testcase name="launchApp" time="297.51" classname="test.tests.launchApp.Tests"/>
</testsuite> <!-- Command line test e8577cbf-c540-4acd-8fb5-2fc61a5f6225 -->
