<?xml version="1.0" encoding="UTF-8"?>
<!-- Generated by org.testng.reporters.JUnitXMLReporter -->
<testsuite hostname="Codys-Mac.local" ignored="0" name="Command line test e02c80d5-6da9-4734-b863-a1d950abe104" tests="2" failures="0" timestamp="29 Mar 2018 21:08:24 GMT" time="832.761" errors="0">
  <testcase name="prankcaller" time="361.575" classname="test.tests.launchApp.Tests"/>
  <testcase name="launchApp" time="310.456" classname="test.tests.launchApp.Tests"/>
</testsuite> <!-- Command line test e02c80d5-6da9-4734-b863-a1d950abe104 -->
