<?xml version="1.0" encoding="UTF-8"?>
<!-- Generated by org.testng.reporters.JUnitXMLReporter -->
<testsuite hostname="Codys-Mac.local" ignored="0" name="Command line test 35511268-46bb-4a30-858b-04e9ef4ceec6" tests="2" failures="0" timestamp="30 Mar 2018 06:38:38 GMT" time="848.108" errors="0">
  <testcase name="prankcaller" time="361.281" classname="test.tests.launchApp.Tests"/>
  <testcase name="launchApp" time="325.092" classname="test.tests.launchApp.Tests"/>
</testsuite> <!-- Command line test 35511268-46bb-4a30-858b-04e9ef4ceec6 -->
