<?xml version="1.0" encoding="UTF-8"?>
<!-- Generated by org.testng.reporters.JUnitXMLReporter -->
<testsuite hostname="Codys-Mac.local" ignored="0" name="Command line test 081f65fe-a742-4090-befd-1c83c31710e0" tests="2" failures="0" timestamp="29 Mar 2018 06:38:28 GMT" time="836.964" errors="0">
  <testcase name="prankcaller" time="371.613" classname="test.tests.launchApp.Tests"/>
  <testcase name="launchApp" time="297.733" classname="test.tests.launchApp.Tests"/>
</testsuite> <!-- Command line test 081f65fe-a742-4090-befd-1c83c31710e0 -->
