<?xml version="1.0" encoding="UTF-8"?>
<!-- Generated by org.testng.reporters.JUnitXMLReporter -->
<testsuite hostname="Codys-Mac.local" ignored="0" name="Command line test 3eb55e28-feec-4c37-9bf6-8234ce35e917" tests="2" failures="0" timestamp="02 Apr 2018 10:09:08 GMT" time="881.387" errors="0">
  <testcase name="prankcaller" time="386.475" classname="test.tests.launchApp.Tests"/>
  <testcase name="launchApp" time="327.878" classname="test.tests.launchApp.Tests"/>
</testsuite> <!-- Command line test 3eb55e28-feec-4c37-9bf6-8234ce35e917 -->
