<?xml version="1.0" encoding="UTF-8"?>
<!-- Generated by org.testng.reporters.JUnitXMLReporter -->
<testsuite hostname="Codys-Mac.local" ignored="0" name="Command line test 77a1d608-d907-4bef-a10c-3a2817b96321" tests="2" failures="2" timestamp="24 Mar 2018 05:35:00 GMT" time="1027.336" errors="0">
  <testcase name="prankcaller" time="475.083" classname="test.tests.launchApp.Tests">
    <failure type="org.openqa.selenium.WebDriverException" message="An unknown server-side error occurred while processing the command. Original error: Unable to uninstall APK. Original error: Error executing adbExec. Original error: &amp;apos;Command &amp;apos;/Users/god/Library/Android/sdk/platform-tools/adb -P 5037 -s emulator-5554 uninstall prank.caller.io&amp;apos; timed out after 20000ms&amp;apos;; Stderr: &amp;apos;&amp;apos;; Code: &amp;apos;null&amp;apos; (WARNING: The server did not provide any stacktrace information)
Command duration or timeout: 70.13 seconds
Build info: version: &amp;apos;2.53.1&amp;apos;, revision: &amp;apos;a36b8b1cd5757287168e54b817830adce9b0158d&amp;apos;, time: &amp;apos;2016-06-30 19:26:09&amp;apos;
System info: host: &amp;apos;Codys-Mac.local&amp;apos;, ip: &amp;apos;192.168.217.128&amp;apos;, os.name: &amp;apos;Mac OS X&amp;apos;, os.arch: &amp;apos;x86_64&amp;apos;, os.version: &amp;apos;10.13.3&amp;apos;, java.version: &amp;apos;1.8.0_161&amp;apos;
Driver info: io.appium.java_client.android.AndroidDriver
Capabilities [{appPackage=prank.caller.io, deviceName=emulator-5554, platform=ANDROID, deviceUDID=emulator-5554, desired={deviceType=phone, app=/Users/god/Desktop/Testing/Prank_Caller_App_v2-3-3.apk, appPackage=prank.caller.io, appiumVersion=1.4.0, version=, deviceName=emulator-5554, platform=ANDROID, appActivity=prank.caller.io.MainActivity, platformVersion=6.0, browserName=, deviceOrientation=portrait, udid=emulator-5554, platformName=Android}, platformVersion=6.0, webStorageEnabled=false, takesScreenshot=true, browserName=, javascriptEnabled=true, udid=emulator-5554, platformName=Android, deviceManufacturer=unknown, deviceType=phone, app=/Users/god/Desktop/Testing/Prank_Caller_App_v2-3-3.apk, deviceScreenSize=720x1280, networkConnectionEnabled=true, warnings={}, appiumVersion=1.4.0, databaseEnabled=false, version=, appActivity=prank.caller.io.MainActivity, locationContextEnabled=false, deviceOrientation=portrait, deviceModel=sdk_google_phone_armv7}]
Session ID: 8e1e7eb2-581e-49a3-920c-d117beddfae3">
      <![CDATA[org.openqa.selenium.WebDriverException: An unknown server-side error occurred while processing the command. Original error: Unable to uninstall APK. Original error: Error executing adbExec. Original error: 'Command '/Users/god/Library/Android/sdk/platform-tools/adb -P 5037 -s emulator-5554 uninstall prank.caller.io' timed out after 20000ms'; Stderr: ''; Code: 'null' (WARNING: The server did not provide any stacktrace information)
Command duration or timeout: 70.13 seconds
Build info: version: '2.53.1', revision: 'a36b8b1cd5757287168e54b817830adce9b0158d', time: '2016-06-30 19:26:09'
System info: host: 'Codys-Mac.local', ip: '192.168.217.128', os.name: 'Mac OS X', os.arch: 'x86_64', os.version: '10.13.3', java.version: '1.8.0_161'
Driver info: io.appium.java_client.android.AndroidDriver
Capabilities [{appPackage=prank.caller.io, deviceName=emulator-5554, platform=ANDROID, deviceUDID=emulator-5554, desired={deviceType=phone, app=/Users/god/Desktop/Testing/Prank_Caller_App_v2-3-3.apk, appPackage=prank.caller.io, appiumVersion=1.4.0, version=, deviceName=emulator-5554, platform=ANDROID, appActivity=prank.caller.io.MainActivity, platformVersion=6.0, browserName=, deviceOrientation=portrait, udid=emulator-5554, platformName=Android}, platformVersion=6.0, webStorageEnabled=false, takesScreenshot=true, browserName=, javascriptEnabled=true, udid=emulator-5554, platformName=Android, deviceManufacturer=unknown, deviceType=phone, app=/Users/god/Desktop/Testing/Prank_Caller_App_v2-3-3.apk, deviceScreenSize=720x1280, networkConnectionEnabled=true, warnings={}, appiumVersion=1.4.0, databaseEnabled=false, version=, appActivity=prank.caller.io.MainActivity, locationContextEnabled=false, deviceOrientation=portrait, deviceModel=sdk_google_phone_armv7}]
Session ID: 8e1e7eb2-581e-49a3-920c-d117beddfae3
at org.openqa.selenium.remote.ErrorHandler.createThrowable(ErrorHandler.java:206)
at org.openqa.selenium.remote.ErrorHandler.throwIfResponseFailed(ErrorHandler.java:158)
at org.openqa.selenium.remote.RemoteWebDriver.execute(RemoteWebDriver.java:678)
at io.appium.java_client.DefaultGenericMobileDriver.execute(DefaultGenericMobileDriver.java:40)
at io.appium.java_client.AppiumDriver.execute(AppiumDriver.java:1)
at io.appium.java_client.android.AndroidDriver.execute(AndroidDriver.java:1)
at io.appium.java_client.AppiumDriver.removeApp(AppiumDriver.java:269)
at test.tests.launchApp.Tests.prankcaller(Tests.java:191)
at java.util.concurrent.ThreadPoolExecutor.runWorker(ThreadPoolExecutor.java:1149)
at java.util.concurrent.ThreadPoolExecutor$Worker.run(ThreadPoolExecutor.java:624)
at java.lang.Thread.run(Thread.java:748)
... Removed 14 stack frames]]>
    </failure>
  </testcase> <!-- prankcaller -->
  <testcase name="launchApp" time="167.825" classname="test.tests.launchApp.Tests">
    <failure type="java.lang.AssertionError" message="null">
      <![CDATA[java.lang.AssertionError: null
at test.tests.launchApp.Tests.launchApp(Tests.java:383)
at java.util.concurrent.ThreadPoolExecutor.runWorker(ThreadPoolExecutor.java:1149)
at java.util.concurrent.ThreadPoolExecutor$Worker.run(ThreadPoolExecutor.java:624)
at java.lang.Thread.run(Thread.java:748)
... Removed 12 stack frames]]>
    </failure>
  </testcase> <!-- launchApp -->
</testsuite> <!-- Command line test 77a1d608-d907-4bef-a10c-3a2817b96321 -->
