<?xml version="1.0" encoding="UTF-8"?>
<!-- Generated by org.testng.reporters.JUnitXMLReporter -->
<testsuite hostname="Codys-Mac.local" ignored="0" name="Command line test 31cee808-dabe-439e-9a83-6e2564e26d54" tests="2" failures="0" timestamp="01 Apr 2018 02:08:03 GMT" time="813.459" errors="0">
  <testcase name="prankcaller" time="345.665" classname="test.tests.launchApp.Tests"/>
  <testcase name="launchApp" time="306.308" classname="test.tests.launchApp.Tests"/>
</testsuite> <!-- Command line test 31cee808-dabe-439e-9a83-6e2564e26d54 -->
