<?xml version="1.0" encoding="UTF-8"?>
<!-- Generated by org.testng.reporters.JUnitXMLReporter -->
<testsuite hostname="Codys-Mac.local" ignored="0" name="Command line test 18e0ed5b-b1ac-4a5c-beec-18c1970f3c61" tests="2" failures="1" timestamp="04 Apr 2018 02:08:45 GMT" time="858.22" errors="0">
  <testcase name="prankcaller" time="381.771" classname="test.tests.launchApp.Tests"/>
  <testcase name="launchApp" time="305.599" classname="test.tests.launchApp.Tests">
    <failure type="java.lang.AssertionError" message="null">
      <![CDATA[java.lang.AssertionError: null
at test.tests.launchApp.Tests.launchApp(Tests.java:434)
at java.util.concurrent.ThreadPoolExecutor.runWorker(ThreadPoolExecutor.java:1149)
at java.util.concurrent.ThreadPoolExecutor$Worker.run(ThreadPoolExecutor.java:624)
at java.lang.Thread.run(Thread.java:748)
... Removed 12 stack frames]]>
    </failure>
  </testcase> <!-- launchApp -->
</testsuite> <!-- Command line test 18e0ed5b-b1ac-4a5c-beec-18c1970f3c61 -->
