<?xml version="1.0" encoding="UTF-8"?>
<!-- Generated by org.testng.reporters.JUnitXMLReporter -->
<testsuite hostname="Codys-Mac.local" ignored="0" name="Command line test 52c284b7-ec8a-4ace-ba68-64bb6818f885" tests="2" failures="1" timestamp="04 Apr 2018 01:38:15 GMT" time="827.539" errors="0">
  <testcase name="prankcaller" time="361.438" classname="test.tests.launchApp.Tests">
    <failure type="java.lang.AssertionError" message="null">
      <![CDATA[java.lang.AssertionError: null
at test.tests.launchApp.Tests.prankcaller(Tests.java:239)
at java.util.concurrent.ThreadPoolExecutor.runWorker(ThreadPoolExecutor.java:1149)
at java.util.concurrent.ThreadPoolExecutor$Worker.run(ThreadPoolExecutor.java:624)
at java.lang.Thread.run(Thread.java:748)
... Removed 12 stack frames]]>
    </failure>
  </testcase> <!-- prankcaller -->
  <testcase name="launchApp" time="299.345" classname="test.tests.launchApp.Tests"/>
</testsuite> <!-- Command line test 52c284b7-ec8a-4ace-ba68-64bb6818f885 -->
