<?xml version="1.0" encoding="UTF-8"?>
<!-- Generated by org.testng.reporters.JUnitXMLReporter -->
<testsuite hostname="Codys-Mac.local" ignored="0" name="Command line test f5f0caed-4fd0-4670-8e7c-136249339d33" tests="2" failures="1" timestamp="30 Mar 2018 12:37:15 GMT" time="764.888" errors="0">
  <testcase name="prankcaller" time="300.17" classname="test.tests.launchApp.Tests">
    <failure type="java.lang.AssertionError" message="null">
      <![CDATA[java.lang.AssertionError: null
at test.tests.launchApp.Tests.prankcaller(Tests.java:239)
at java.util.concurrent.ThreadPoolExecutor.runWorker(ThreadPoolExecutor.java:1149)
at java.util.concurrent.ThreadPoolExecutor$Worker.run(ThreadPoolExecutor.java:624)
at java.lang.Thread.run(Thread.java:748)
... Removed 12 stack frames]]>
    </failure>
  </testcase> <!-- prankcaller -->
  <testcase name="launchApp" time="301.865" classname="test.tests.launchApp.Tests"/>
</testsuite> <!-- Command line test f5f0caed-4fd0-4670-8e7c-136249339d33 -->
