<?xml version="1.0" encoding="UTF-8"?>
<!-- Generated by org.testng.reporters.JUnitXMLReporter -->
<testsuite hostname="Codys-Mac.local" ignored="0" name="Command line test eedd67ba-bed4-477a-9fa7-09992d8e3627" tests="2" failures="0" timestamp="01 Apr 2018 16:38:48 GMT" time="859.002" errors="0">
  <testcase name="prankcaller" time="385.795" classname="test.tests.launchApp.Tests"/>
  <testcase name="launchApp" time="312.126" classname="test.tests.launchApp.Tests"/>
</testsuite> <!-- Command line test eedd67ba-bed4-477a-9fa7-09992d8e3627 -->
