<?xml version="1.0" encoding="UTF-8"?>
<testng-results skipped="0" failed="2" ignored="0" total="2" passed="0">
  <reporter-output>
    <line>
      <![CDATA[Open Browser : Android]]>
    </line>
    <line>
      <![CDATA[Click on accessYourContact]]>
    </line>
    <line>
      <![CDATA[Click on appPermitionButton]]>
    </line>
    <line>
      <![CDATA[Click on mostPopularPrankText]]>
    </line>
    <line>
      <![CDATA[Enter Text 5033267667 into friendPhoneNumber text fields]]>
    </line>
    <line>
      <![CDATA[Enter Text 5035451234 into fakeCallerIDNumber text fields]]>
    </line>
    <line>
      <![CDATA[Click on placeCallButton]]>
    </line>
    <line>
      <![CDATA[Click on placeCallButton]]>
    </line>
    <line>
      <![CDATA[Click on endCallButton]]>
    </line>
    <line>
      <![CDATA[Click on menuButton]]>
    </line>
    <line>
      <![CDATA[Open Browser : Android]]>
    </line>
    <line>
      <![CDATA[Click on accessYourContact]]>
    </line>
    <line>
      <![CDATA[Click on appPermitionButton]]>
    </line>
    <line>
      <![CDATA[Click on phoneNumber]]>
    </line>
    <line>
      <![CDATA[Clear value from phoneNumber text fields]]>
    </line>
    <line>
      <![CDATA[Click on destNumberBlankOkButton]]>
    </line>
    <line>
      <![CDATA[Enter Text 15033267667 into phoneNumber text fields]]>
    </line>
    <line>
      <![CDATA[Enter Text 5035451234 into callerID text fields]]>
    </line>
    <line>
      <![CDATA[Click on callNow]]>
    </line>
    <line>
      <![CDATA[Click on callNow]]>
    </line>
    <line>
      <![CDATA[Text of 15033267667 is 15033267667]]>
    </line>
    <line>
      <![CDATA[Click on endCallButton]]>
    </line>
    <line>
      <![CDATA[Text of FAKE CALLER ID is FAKE CALLER ID]]>
    </line>
    <line>
      <![CDATA[Text of 2 is 2]]>
    </line>
    <line>
      <![CDATA[Click on menuButton]]>
    </line>
    <line>
      <![CDATA[Click on callHistoryMenuButton]]>
    </line>
    <line>
      <![CDATA[Text of (503) 326-7667 is (503) 326-7667]]>
    </line>
  </reporter-output>
  <suite name="test" duration-ms="821397" started-at="2018-04-11T10:53:34Z" finished-at="2018-04-11T11:07:15Z">
    <groups>
    </groups>
    <test name="Command line test b1dea93e-229a-4dfa-9479-0f54f8e4a2d3" duration-ms="821397" started-at="2018-04-11T10:53:34Z" finished-at="2018-04-11T11:07:15Z">
      <class name="test.tests.launchApp.Tests">
        <test-method status="PASS" signature="fetchSuiteConfiguration(org.testng.ITestContext)[pri:0, instance:test.tests.launchApp.Tests@3a0de0a8]" name="fetchSuiteConfiguration" is-config="true" duration-ms="8" started-at="2018-04-11T10:53:34Z" finished-at="2018-04-11T10:53:34Z">
          <params>
            <param index="0">
              <value>
                <![CDATA[org.testng.TestRunner@19aec129]]>
              </value>
            </param>
          </params>
          <reporter-output>
          </reporter-output>
        </test-method> <!-- fetchSuiteConfiguration -->
        <test-method status="PASS" signature="browserConfig(java.lang.reflect.Method)[pri:0, instance:test.tests.launchApp.Tests@3a0de0a8]" name="browserConfig" is-config="true" duration-ms="60120" started-at="2018-04-11T10:53:34Z" finished-at="2018-04-11T10:54:34Z">
          <params>
            <param index="0">
              <value>
                <![CDATA[public void test.tests.launchApp.Tests.prankcaller()]]>
              </value>
            </param>
          </params>
          <reporter-output>
            <line>
              <![CDATA[Open Browser : Android]]>
            </line>
          </reporter-output>
        </test-method> <!-- browserConfig -->
        <test-method status="FAIL" signature="prankcaller()[pri:1, instance:test.tests.launchApp.Tests@3a0de0a8]" name="prankcaller" duration-ms="294225" started-at="2018-04-11T10:54:34Z" finished-at="2018-04-11T10:59:28Z">
          <exception class="java.lang.AssertionError">
            <message>
              <![CDATA[null]]>
            </message>
            <full-stacktrace>
              <![CDATA[java.lang.AssertionError: null
at org.testng.Assert.fail(Assert.java:96)
at org.testng.Assert.fail(Assert.java:103)
at test.tests.launchApp.Tests.prankcaller(Tests.java:239)
at sun.reflect.NativeMethodAccessorImpl.invoke0(Native Method)
at sun.reflect.NativeMethodAccessorImpl.invoke(NativeMethodAccessorImpl.java:62)
at sun.reflect.DelegatingMethodAccessorImpl.invoke(DelegatingMethodAccessorImpl.java:43)
at java.lang.reflect.Method.invoke(Method.java:498)
at org.testng.internal.MethodInvocationHelper.invokeMethod(MethodInvocationHelper.java:124)
at org.testng.internal.Invoker.invokeMethod(Invoker.java:580)
at org.testng.internal.Invoker.invokeTestMethod(Invoker.java:716)
at org.testng.internal.Invoker.invokeTestMethods(Invoker.java:988)
at org.testng.internal.TestMethodWorker.invokeTestMethods(TestMethodWorker.java:125)
at org.testng.internal.TestMethodWorker.run(TestMethodWorker.java:109)
at java.util.concurrent.ThreadPoolExecutor.runWorker(ThreadPoolExecutor.java:1149)
at java.util.concurrent.ThreadPoolExecutor$Worker.run(ThreadPoolExecutor.java:624)
at java.lang.Thread.run(Thread.java:748)
]]>
            </full-stacktrace>
          </exception> <!-- java.lang.AssertionError -->
          <reporter-output>
            <line>
              <![CDATA[Click on accessYourContact]]>
            </line>
            <line>
              <![CDATA[Click on appPermitionButton]]>
            </line>
            <line>
              <![CDATA[Click on mostPopularPrankText]]>
            </line>
            <line>
              <![CDATA[Enter Text 5033267667 into friendPhoneNumber text fields]]>
            </line>
            <line>
              <![CDATA[Enter Text 5035451234 into fakeCallerIDNumber text fields]]>
            </line>
            <line>
              <![CDATA[Click on placeCallButton]]>
            </line>
            <line>
              <![CDATA[Click on placeCallButton]]>
            </line>
            <line>
              <![CDATA[Click on endCallButton]]>
            </line>
            <line>
              <![CDATA[Click on menuButton]]>
            </line>
          </reporter-output>
        </test-method> <!-- prankcaller -->
        <test-method status="PASS" signature="close()[pri:0, instance:test.tests.launchApp.Tests@3a0de0a8]" name="close" is-config="true" duration-ms="42179" started-at="2018-04-11T10:59:28Z" finished-at="2018-04-11T11:00:10Z">
          <reporter-output>
          </reporter-output>
        </test-method> <!-- close -->
        <test-method status="PASS" signature="browserConfig(java.lang.reflect.Method)[pri:0, instance:test.tests.launchApp.Tests@3a0de0a8]" name="browserConfig" is-config="true" duration-ms="54011" started-at="2018-04-11T11:00:10Z" finished-at="2018-04-11T11:01:04Z">
          <params>
            <param index="0">
              <value>
                <![CDATA[public void test.tests.launchApp.Tests.launchApp()]]>
              </value>
            </param>
          </params>
          <reporter-output>
            <line>
              <![CDATA[Open Browser : Android]]>
            </line>
          </reporter-output>
        </test-method> <!-- browserConfig -->
        <test-method status="FAIL" signature="launchApp()[pri:2, instance:test.tests.launchApp.Tests@3a0de0a8]" name="launchApp" duration-ms="348616" started-at="2018-04-11T11:01:04Z" finished-at="2018-04-11T11:06:53Z">
          <exception class="java.lang.AssertionError">
            <message>
              <![CDATA[null]]>
            </message>
            <full-stacktrace>
              <![CDATA[java.lang.AssertionError: null
at org.testng.Assert.fail(Assert.java:96)
at org.testng.Assert.fail(Assert.java:103)
at test.tests.launchApp.Tests.launchApp(Tests.java:434)
at sun.reflect.NativeMethodAccessorImpl.invoke0(Native Method)
at sun.reflect.NativeMethodAccessorImpl.invoke(NativeMethodAccessorImpl.java:62)
at sun.reflect.DelegatingMethodAccessorImpl.invoke(DelegatingMethodAccessorImpl.java:43)
at java.lang.reflect.Method.invoke(Method.java:498)
at org.testng.internal.MethodInvocationHelper.invokeMethod(MethodInvocationHelper.java:124)
at org.testng.internal.Invoker.invokeMethod(Invoker.java:580)
at org.testng.internal.Invoker.invokeTestMethod(Invoker.java:716)
at org.testng.internal.Invoker.invokeTestMethods(Invoker.java:988)
at org.testng.internal.TestMethodWorker.invokeTestMethods(TestMethodWorker.java:125)
at org.testng.internal.TestMethodWorker.run(TestMethodWorker.java:109)
at java.util.concurrent.ThreadPoolExecutor.runWorker(ThreadPoolExecutor.java:1149)
at java.util.concurrent.ThreadPoolExecutor$Worker.run(ThreadPoolExecutor.java:624)
at java.lang.Thread.run(Thread.java:748)
]]>
            </full-stacktrace>
          </exception> <!-- java.lang.AssertionError -->
          <reporter-output>
            <line>
              <![CDATA[Click on accessYourContact]]>
            </line>
            <line>
              <![CDATA[Click on appPermitionButton]]>
            </line>
            <line>
              <![CDATA[Click on phoneNumber]]>
            </line>
            <line>
              <![CDATA[Clear value from phoneNumber text fields]]>
            </line>
            <line>
              <![CDATA[Click on destNumberBlankOkButton]]>
            </line>
            <line>
              <![CDATA[Enter Text 15033267667 into phoneNumber text fields]]>
            </line>
            <line>
              <![CDATA[Enter Text 5035451234 into callerID text fields]]>
            </line>
            <line>
              <![CDATA[Click on callNow]]>
            </line>
            <line>
              <![CDATA[Click on callNow]]>
            </line>
            <line>
              <![CDATA[Text of 15033267667 is 15033267667]]>
            </line>
            <line>
              <![CDATA[Click on endCallButton]]>
            </line>
            <line>
              <![CDATA[Text of FAKE CALLER ID is FAKE CALLER ID]]>
            </line>
            <line>
              <![CDATA[Text of 2 is 2]]>
            </line>
            <line>
              <![CDATA[Click on menuButton]]>
            </line>
            <line>
              <![CDATA[Click on callHistoryMenuButton]]>
            </line>
            <line>
              <![CDATA[Text of (503) 326-7667 is (503) 326-7667]]>
            </line>
          </reporter-output>
        </test-method> <!-- launchApp -->
        <test-method status="PASS" signature="close()[pri:0, instance:test.tests.launchApp.Tests@3a0de0a8]" name="close" is-config="true" duration-ms="22225" started-at="2018-04-11T11:06:53Z" finished-at="2018-04-11T11:07:15Z">
          <reporter-output>
          </reporter-output>
        </test-method> <!-- close -->
      </class> <!-- test.tests.launchApp.Tests -->
    </test> <!-- Command line test b1dea93e-229a-4dfa-9479-0f54f8e4a2d3 -->
  </suite> <!-- test -->
</testng-results>
